\BOOKMARK [0][]{Contents.0}{\376\377\000T\000a\000b\000l\000e\000\040\000o\000f\000\040\000c\000o\000n\000t\000e\000n\000t\000s}{}% 1
\BOOKMARK [0][]{chapter*.4}{\376\377\000L\000i\000s\000t\000\040\000o\000f\000\040\000f\000i\000g\000u\000r\000e\000s}{}% 2
\BOOKMARK [0][]{chapter*.5}{\376\377\000L\000i\000s\000t\000\040\000o\000f\000\040\000t\000a\000b\000l\000e\000s}{}% 3
\BOOKMARK [0][]{chapter*.5}{\376\377\000N\000o\000m\000e\000n\000c\000l\000a\000t\000u\000r\000e}{}% 4
\BOOKMARK [0][]{chapter.1}{\376\377\0001\000\040\000I\000n\000t\000r\000o\000d\000u\000c\000t\000i\000o\000n}{}% 5
\BOOKMARK [1][]{section.1.1}{\376\377\0001\000.\0001\000\040\000A\000n\000\040\000I\000n\000t\000r\000o\000d\000u\000c\000t\000i\000o\000n\000\040\000t\000o\000\040\000U\000n\000m\000a\000n\000n\000e\000d\000\040\000A\000e\000r\000i\000a\000l\000\040\000V\000e\000h\000i\000c\000l\000e\000s}{chapter.1}% 6
\BOOKMARK [1][]{section.1.2}{\376\377\0001\000.\0002\000\040\000A\000r\000d\000u\000P\000i\000l\000o\000t\000\040\000a\000n\000d\000\040\000A\000r\000d\000u\000P\000l\000a\000n\000e}{chapter.1}% 7
\BOOKMARK [2][]{subsection.1.2.1}{\376\377\0001\000.\0002\000.\0001\000\040\000J\000S\000B\000S\000i\000m}{section.1.2}% 8
\BOOKMARK [1][]{section.1.3}{\376\377\0001\000.\0003\000\040\000A\000e\000r\000i\000a\000l\000\040\000P\000h\000o\000t\000o\000g\000r\000a\000p\000h\000y}{chapter.1}% 9
\BOOKMARK [0][]{chapter.2}{\376\377\0002\000\040\000M\000y\000\040\000s\000e\000c\000o\000n\000d\000\040\000c\000h\000a\000p\000t\000e\000r}{}% 10
\BOOKMARK [1][]{section.2.1}{\376\377\0002\000.\0001\000\040\000S\000h\000o\000r\000t\000\040\000t\000i\000t\000l\000e}{chapter.2}% 11
\BOOKMARK [0][]{chapter.3}{\376\377\0003\000\040\000M\000y\000\040\000t\000h\000i\000r\000d\000\040\000c\000h\000a\000p\000t\000e\000r}{}% 12
\BOOKMARK [1][]{section.3.1}{\376\377\0003\000.\0001\000\040\000F\000i\000r\000s\000t\000\040\000s\000e\000c\000t\000i\000o\000n\000\040\000o\000f\000\040\000t\000h\000e\000\040\000t\000h\000i\000r\000d\000\040\000c\000h\000a\000p\000t\000e\000r}{chapter.3}% 13
\BOOKMARK [2][]{subsection.3.1.1}{\376\377\0003\000.\0001\000.\0001\000\040\000F\000i\000r\000s\000t\000\040\000s\000u\000b\000s\000e\000c\000t\000i\000o\000n\000\040\000i\000n\000\040\000t\000h\000e\000\040\000f\000i\000r\000s\000t\000\040\000s\000e\000c\000t\000i\000o\000n}{section.3.1}% 14
\BOOKMARK [2][]{subsection.3.1.2}{\376\377\0003\000.\0001\000.\0002\000\040\000S\000e\000c\000o\000n\000d\000\040\000s\000u\000b\000s\000e\000c\000t\000i\000o\000n\000\040\000i\000n\000\040\000t\000h\000e\000\040\000f\000i\000r\000s\000t\000\040\000s\000e\000c\000t\000i\000o\000n}{section.3.1}% 15
\BOOKMARK [2][]{subsection.3.1.3}{\376\377\0003\000.\0001\000.\0003\000\040\000T\000h\000i\000r\000d\000\040\000s\000u\000b\000s\000e\000c\000t\000i\000o\000n\000\040\000i\000n\000\040\000t\000h\000e\000\040\000f\000i\000r\000s\000t\000\040\000s\000e\000c\000t\000i\000o\000n}{section.3.1}% 16
\BOOKMARK [1][]{section.3.2}{\376\377\0003\000.\0002\000\040\000S\000e\000c\000o\000n\000d\000\040\000s\000e\000c\000t\000i\000o\000n\000\040\000o\000f\000\040\000t\000h\000e\000\040\000t\000h\000i\000r\000d\000\040\000c\000h\000a\000p\000t\000e\000r}{chapter.3}% 17
\BOOKMARK [1][]{section.3.3}{\376\377\0003\000.\0003\000\040\000T\000h\000e\000\040\000l\000a\000y\000o\000u\000t\000\040\000o\000f\000\040\000f\000o\000r\000m\000a\000l\000\040\000t\000a\000b\000l\000e\000s}{chapter.3}% 18
\BOOKMARK [0][]{chapter*.19}{\376\377\000R\000e\000f\000e\000r\000e\000n\000c\000e\000s}{}% 19
\BOOKMARK [0][]{Appendix.a.A}{\376\377\000A\000p\000p\000e\000n\000d\000i\000x\000\040\000A\000\040\000H\000o\000w\000\040\000t\000o\000\040\000i\000n\000s\000t\000a\000l\000l\000\040\000L\000a\000T\000e\000X}{}% 20
\BOOKMARK [0][]{Appendix.a.B}{\376\377\000A\000p\000p\000e\000n\000d\000i\000x\000\040\000B\000\040\000I\000n\000s\000t\000a\000l\000l\000i\000n\000g\000\040\000t\000h\000e\000\040\000C\000U\000E\000D\000\040\000C\000l\000a\000s\000s\000\040\000f\000i\000l\000e}{}% 21
\BOOKMARK [0][]{section*.36}{\376\377\000I\000n\000d\000e\000x}{}% 22
